[START][2025-07-22 17:48:33] LSP logging initiated
[ERROR][2025-07-22 17:48:33] ...lsp/handlers.lua:562	'File or directory "/<default workspace root>" does not exist.'
[START][2025-07-22 23:10:10] LSP logging initiated
[ERROR][2025-07-22 23:10:10] ...lsp/handlers.lua:562	'File or directory "/<default workspace root>" does not exist.'
[START][2025-07-22 23:43:03] LSP logging initiated
[ERROR][2025-07-22 23:43:03] ...lsp/handlers.lua:562	'File or directory "/<default workspace root>" does not exist.'
[START][2025-07-22 23:48:27] LSP logging initiated
[ERROR][2025-07-22 23:48:27] ...lsp/handlers.lua:562	'File or directory "/<default workspace root>" does not exist.'
[START][2025-07-22 23:48:50] LSP logging initiated
[ERROR][2025-07-22 23:48:50] ...lsp/handlers.lua:562	'File or directory "/<default workspace root>" does not exist.'
[START][2025-07-23 05:28:36] LSP logging initiated
[WARN][2025-07-23 05:28:36] ...lsp/handlers.lua:564	"04:28:36.045 WARNING ⛔️ ShellCheck: disabling linting as no executable was found at path 'shellcheck'"
[START][2025-07-23 05:44:29] LSP logging initiated
[ERROR][2025-07-23 05:44:29] ...lsp/handlers.lua:562	'File or directory "/<default workspace root>" does not exist.'
[START][2025-07-27 01:05:00] LSP logging initiated
[WARN][2025-07-27 01:05:00] ...lsp/handlers.lua:564	"00:05:00.561 WARNING ⛔️ ShellCheck: disabling linting as no executable was found at path 'shellcheck'"
[WARN][2025-07-27 01:05:05] ...lsp/handlers.lua:564	"00:05:05.874 WARNING ⛔️ Error while parsing file:///home/dex/test.sh: syntax error"
[WARN][2025-07-27 01:05:06] ...lsp/handlers.lua:564	"00:05:06.812 WARNING ⛔️ Error while parsing file:///home/dex/test.sh: syntax error"
[START][2025-07-27 01:08:17] LSP logging initiated
[WARN][2025-07-27 01:08:17] ...lsp/handlers.lua:564	"00:08:17.072 WARNING ⛔️ ShellCheck: disabling linting as no executable was found at path 'shellcheck'"
[WARN][2025-07-27 01:09:11] ...lsp/handlers.lua:564	"00:09:11.728 WARNING ⛔️ Error while parsing file:///home/dex/scripts/ddesk/%5d%5d/%5d%5de.nv: syntax error"
[WARN][2025-07-27 01:09:14] ...lsp/handlers.lua:564	"00:09:14.342 WARNING ⛔️ Error while parsing file:///home/dex/scripts/ddesk/%5d%5d/%5d%5de.nv: syntax error"
[WARN][2025-07-27 01:09:14] ...lsp/handlers.lua:564	"00:09:14.927 WARNING ⛔️ Error while parsing file:///home/dex/scripts/ddesk/%5d%5d/%5d%5de.nv: syntax error"
[WARN][2025-07-27 01:10:46] ...lsp/handlers.lua:564	"00:10:46.794 WARNING ⛔️ Error while parsing file:///home/dex/scripts/ddesk/%5d%5d/%5d%5de.nv: syntax error"
[START][2025-07-27 01:23:32] LSP logging initiated
[WARN][2025-07-27 01:23:32] ...lsp/handlers.lua:564	"00:23:32.500 WARNING ⛔️ ShellCheck: disabling linting as no executable was found at path 'shellcheck'"
[WARN][2025-07-27 01:30:50] ...lsp/handlers.lua:564	"00:30:50.027 WARNING ⛔️ Error while parsing file:///home/dex/test.sh: syntax error"
[WARN][2025-07-27 01:30:51] ...lsp/handlers.lua:564	"00:30:51.070 WARNING ⛔️ Error while parsing file:///home/dex/test.sh: syntax error"
[START][2025-08-01 07:10:20] LSP logging initiated
[ERROR][2025-08-01 07:10:20] ...lsp/handlers.lua:562	'File or directory "/<default workspace root>" does not exist.'
[WARN][2025-08-01 08:35:32] .../lua/vim/lsp.lua:1023	"buf_attach_client called on unloaded buffer (id: 2): "
[START][2025-08-01 08:42:24] LSP logging initiated
[ERROR][2025-08-01 08:42:24] ...lsp/handlers.lua:562	'File or directory "/<default workspace root>" does not exist.'
[START][2025-08-03 07:51:53] LSP logging initiated
[WARN][2025-08-03 07:51:53] ...lsp/handlers.lua:564	"06:51:53.390 WARNING ⛔️ ShellCheck: disabling linting as no executable was found at path 'shellcheck'"
[START][2025-08-03 07:52:17] LSP logging initiated
[WARN][2025-08-03 07:52:17] ...lsp/handlers.lua:564	"06:52:17.737 WARNING ⛔️ ShellCheck: disabling linting as no executable was found at path 'shellcheck'"
[START][2025-08-03 07:52:21] LSP logging initiated
[WARN][2025-08-03 07:52:21] ...lsp/handlers.lua:564	"06:52:21.519 WARNING ⛔️ ShellCheck: disabling linting as no executable was found at path 'shellcheck'"
[START][2025-08-03 07:52:23] LSP logging initiated
[WARN][2025-08-03 07:52:23] ...lsp/handlers.lua:564	"06:52:23.598 WARNING ⛔️ ShellCheck: disabling linting as no executable was found at path 'shellcheck'"
[START][2025-08-03 07:52:29] LSP logging initiated
[WARN][2025-08-03 07:52:29] ...lsp/handlers.lua:564	"06:52:29.931 WARNING ⛔️ ShellCheck: disabling linting as no executable was found at path 'shellcheck'"
[START][2025-08-03 07:52:34] LSP logging initiated
[WARN][2025-08-03 07:52:34] ...lsp/handlers.lua:564	"06:52:34.936 WARNING ⛔️ ShellCheck: disabling linting as no executable was found at path 'shellcheck'"
[START][2025-08-03 07:52:38] LSP logging initiated
[WARN][2025-08-03 07:52:38] ...lsp/handlers.lua:564	"06:52:38.646 WARNING ⛔️ ShellCheck: disabling linting as no executable was found at path 'shellcheck'"
[START][2025-08-03 07:53:08] LSP logging initiated
[WARN][2025-08-03 07:53:08] ...lsp/handlers.lua:564	"06:53:08.262 WARNING ⛔️ ShellCheck: disabling linting as no executable was found at path 'shellcheck'"
[START][2025-08-03 07:53:25] LSP logging initiated
[WARN][2025-08-03 07:53:25] ...lsp/handlers.lua:564	"06:53:25.416 WARNING ⛔️ ShellCheck: disabling linting as no executable was found at path 'shellcheck'"
[START][2025-08-03 07:53:28] LSP logging initiated
[WARN][2025-08-03 07:53:28] ...lsp/handlers.lua:564	"06:53:28.699 WARNING ⛔️ ShellCheck: disabling linting as no executable was found at path 'shellcheck'"
[START][2025-08-03 07:53:53] LSP logging initiated
[WARN][2025-08-03 07:53:53] ...lsp/handlers.lua:564	"06:53:53.814 WARNING ⛔️ ShellCheck: disabling linting as no executable was found at path 'shellcheck'"
[START][2025-08-03 07:54:55] LSP logging initiated
[WARN][2025-08-03 07:54:55] ...lsp/handlers.lua:564	"06:54:55.321 WARNING ⛔️ ShellCheck: disabling linting as no executable was found at path 'shellcheck'"
[START][2025-08-03 07:56:37] LSP logging initiated
[WARN][2025-08-03 07:56:37] ...lsp/handlers.lua:564	"06:56:37.608 WARNING ⛔️ ShellCheck: disabling linting as no executable was found at path 'shellcheck'"
[START][2025-08-03 07:56:44] LSP logging initiated
[WARN][2025-08-03 07:56:44] ...lsp/handlers.lua:564	"06:56:44.271 WARNING ⛔️ ShellCheck: disabling linting as no executable was found at path 'shellcheck'"
[START][2025-08-03 08:34:01] LSP logging initiated
[WARN][2025-08-03 08:34:01] ...lsp/handlers.lua:564	"07:34:01.769 WARNING ⛔️ ShellCheck: disabling linting as no executable was found at path 'shellcheck'"
[START][2025-08-03 08:34:17] LSP logging initiated
[WARN][2025-08-03 08:34:17] ...lsp/handlers.lua:564	"07:34:17.070 WARNING ⛔️ ShellCheck: disabling linting as no executable was found at path 'shellcheck'"
[START][2025-08-03 08:35:44] LSP logging initiated
[WARN][2025-08-03 08:35:44] ...lsp/handlers.lua:564	"07:35:44.686 WARNING ⛔️ ShellCheck: disabling linting as no executable was found at path 'shellcheck'"
[START][2025-08-03 08:37:11] LSP logging initiated
[WARN][2025-08-03 08:37:11] ...lsp/handlers.lua:564	"07:37:11.624 WARNING ⛔️ ShellCheck: disabling linting as no executable was found at path 'shellcheck'"
[START][2025-08-03 08:39:31] LSP logging initiated
[WARN][2025-08-03 08:39:31] ...lsp/handlers.lua:564	"07:39:31.321 WARNING ⛔️ ShellCheck: disabling linting as no executable was found at path 'shellcheck'"
[START][2025-08-03 08:55:12] LSP logging initiated
[WARN][2025-08-03 08:55:12] ...lsp/handlers.lua:564	"07:55:12.500 WARNING ⛔️ ShellCheck: disabling linting as no executable was found at path 'shellcheck'"
[START][2025-08-03 09:02:41] LSP logging initiated
[WARN][2025-08-03 09:02:41] ...lsp/handlers.lua:564	"08:02:41.590 WARNING ⛔️ ShellCheck: disabling linting as no executable was found at path 'shellcheck'"
[START][2025-08-03 09:03:04] LSP logging initiated
[WARN][2025-08-03 09:03:04] ...lsp/handlers.lua:564	"08:03:04.135 WARNING ⛔️ ShellCheck: disabling linting as no executable was found at path 'shellcheck'"
[START][2025-08-03 09:11:12] LSP logging initiated
[WARN][2025-08-03 09:11:12] ...lsp/handlers.lua:564	"08:11:12.969 WARNING ⛔️ ShellCheck: disabling linting as no executable was found at path 'shellcheck'"
[START][2025-08-03 09:11:19] LSP logging initiated
[WARN][2025-08-03 09:11:19] ...lsp/handlers.lua:564	"08:11:19.113 WARNING ⛔️ ShellCheck: disabling linting as no executable was found at path 'shellcheck'"
[START][2025-08-03 09:15:35] LSP logging initiated
[WARN][2025-08-03 09:15:35] ...lsp/handlers.lua:564	"08:15:35.622 WARNING ⛔️ ShellCheck: disabling linting as no executable was found at path 'shellcheck'"
[START][2025-08-03 09:33:55] LSP logging initiated
[WARN][2025-08-03 09:33:55] ...lsp/handlers.lua:564	"08:33:55.107 WARNING ⛔️ ShellCheck: disabling linting as no executable was found at path 'shellcheck'"
